<?xml version="1.0" encoding="UTF-8"?>
<coverage generated="1475872809">
  <project timestamp="1475872809">
    <package name="Ecfectus\Collection">
      <file name="/Users/leemason/ecfectus/collection/src/Collection.php">
        <class name="Collection" namespace="Ecfectus\Collection" fullPackage="Ecfectus" package="Ecfectus">
          <metrics complexity="155" methods="69" coveredmethods="56" conditionals="0" coveredconditionals="0" statements="271" coveredstatements="238" elements="340" coveredelements="294"/>
        </class>
        <line num="19" type="method" name="__construct" visibility="public" complexity="1" crap="1" count="118"/>
        <line num="21" type="stmt" count="118"/>
        <line num="22" type="stmt" count="118"/>
        <line num="30" type="method" name="avg" visibility="public" complexity="2" crap="2.15" count="1"/>
        <line num="32" type="stmt" count="1"/>
        <line num="33" type="stmt" count="1"/>
        <line num="35" type="stmt" count="0"/>
        <line num="43" type="method" name="average" visibility="public" complexity="1" crap="2" count="0"/>
        <line num="45" type="stmt" count="0"/>
        <line num="54" type="method" name="median" visibility="public" complexity="4" crap="8.12" count="5"/>
        <line num="56" type="stmt" count="5"/>
        <line num="57" type="stmt" count="5"/>
        <line num="58" type="stmt" count="1"/>
        <line num="60" type="stmt" count="4"/>
        <line num="61" type="stmt" count="0"/>
        <line num="62" type="stmt" count="0"/>
        <line num="63" type="stmt" count="0"/>
        <line num="64" type="stmt" count="0"/>
        <line num="66" type="stmt" count="0"/>
        <line num="67" type="stmt" count="0"/>
        <line num="68" type="stmt" count="0"/>
        <line num="77" type="method" name="mode" visibility="public" complexity="4" crap="4" count="4"/>
        <line num="79" type="stmt" count="4"/>
        <line num="80" type="stmt" count="4"/>
        <line num="81" type="stmt" count="1"/>
        <line num="83" type="stmt" count="3"/>
        <line num="84" type="stmt" count="3"/>
        <line num="86" type="stmt" count="3"/>
        <line num="87" type="stmt" count="3"/>
        <line num="88" type="stmt" count="3"/>
        <line num="89" type="stmt" count="3"/>
        <line num="91" type="stmt" count="3"/>
        <line num="92" type="stmt" count="3"/>
        <line num="100" type="method" name="collapse" visibility="public" complexity="4" crap="4.18" count="4"/>
        <line num="102" type="stmt" count="4"/>
        <line num="103" type="stmt" count="4"/>
        <line num="104" type="stmt" count="4"/>
        <line num="105" type="stmt" count="4"/>
        <line num="106" type="stmt" count="0"/>
        <line num="107" type="stmt" count="4"/>
        <line num="108" type="stmt" count="0"/>
        <line num="110" type="stmt" count="4"/>
        <line num="112" type="stmt" count="4"/>
        <line num="122" type="method" name="contains" visibility="public" complexity="4" crap="5.02" count="1"/>
        <line num="124" type="stmt" count="1"/>
        <line num="131" type="stmt" count="0"/>
        <line num="133" type="stmt" count="1"/>
        <line num="134" type="stmt" count="0"/>
        <line num="136" type="stmt" count="1"/>
        <line num="146" type="method" name="containsStrict" visibility="public" complexity="4" crap="5.02" count="1"/>
        <line num="148" type="stmt" count="1"/>
        <line num="155" type="stmt" count="0"/>
        <line num="157" type="stmt" count="1"/>
        <line num="158" type="stmt" count="0"/>
        <line num="160" type="stmt" count="1"/>
        <line num="169" type="method" name="diff" visibility="public" complexity="1" crap="1" count="2"/>
        <line num="171" type="stmt" count="2"/>
        <line num="180" type="method" name="diffKeys" visibility="public" complexity="1" crap="1" count="1"/>
        <line num="182" type="stmt" count="1"/>
        <line num="191" type="method" name="each" visibility="public" complexity="3" crap="3" count="4"/>
        <line num="193" type="stmt" count="4"/>
        <line num="194" type="stmt" count="4"/>
        <line num="195" type="stmt" count="4"/>
        <line num="198" type="stmt" count="4"/>
        <line num="208" type="method" name="every" visibility="public" complexity="3" crap="3" count="1"/>
        <line num="210" type="stmt" count="1"/>
        <line num="211" type="stmt" count="1"/>
        <line num="212" type="stmt" count="1"/>
        <line num="213" type="stmt" count="1"/>
        <line num="214" type="stmt" count="1"/>
        <line num="216" type="stmt" count="1"/>
        <line num="218" type="stmt" count="1"/>
        <line num="227" type="method" name="except" visibility="public" complexity="2" crap="2" count="1"/>
        <line num="229" type="stmt" count="1"/>
        <line num="230" type="stmt" count="1"/>
        <line num="231" type="stmt" count="1"/>
        <line num="233" type="stmt" count="1"/>
        <line num="242" type="method" name="filter" visibility="public" complexity="2" crap="2" count="12"/>
        <line num="244" type="stmt" count="12"/>
        <line num="245" type="stmt" count="12"/>
        <line num="247" type="stmt" count="1"/>
        <line num="258" type="method" name="where" visibility="public" complexity="2" crap="2" count="2"/>
        <line num="260" type="stmt" count="2"/>
        <line num="261" type="stmt" count="1"/>
        <line num="262" type="stmt" count="1"/>
        <line num="264" type="stmt" count="2"/>
        <line num="274" type="method" name="operatorForWhere" visibility="protected" complexity="12" crap="12" count="2"/>
        <line num="277" type="stmt" count="2"/>
        <line num="280" type="stmt" count="2"/>
        <line num="281" type="stmt" count="2"/>
        <line num="282" type="stmt" count="2"/>
        <line num="283" type="stmt" count="2"/>
        <line num="284" type="stmt" count="2"/>
        <line num="285" type="stmt" count="2"/>
        <line num="286" type="stmt" count="2"/>
        <line num="287" type="stmt" count="2"/>
        <line num="288" type="stmt" count="2"/>
        <line num="289" type="stmt" count="1"/>
        <line num="291" type="stmt" count="2"/>
        <line num="301" type="method" name="whereStrict" visibility="public" complexity="1" crap="1" count="1"/>
        <line num="303" type="stmt" count="1"/>
        <line num="314" type="method" name="whereIn" visibility="public" complexity="2" crap="2" count="2"/>
        <line num="316" type="stmt" count="2"/>
        <line num="318" type="stmt" count="2"/>
        <line num="319" type="stmt" count="2"/>
        <line num="320" type="stmt" count="2"/>
        <line num="330" type="method" name="whereInStrict" visibility="public" complexity="1" crap="1" count="1"/>
        <line num="332" type="stmt" count="1"/>
        <line num="342" type="method" name="first" visibility="public" complexity="6" crap="6" count="9"/>
        <line num="344" type="stmt" count="9"/>
        <line num="345" type="stmt" count="9"/>
        <line num="346" type="stmt" count="5"/>
        <line num="347" type="stmt" count="1"/>
        <line num="349" type="stmt" count="4"/>
        <line num="350" type="stmt" count="4"/>
        <line num="353" type="stmt" count="4"/>
        <line num="354" type="stmt" count="4"/>
        <line num="355" type="stmt" count="4"/>
        <line num="358" type="stmt" count="2"/>
        <line num="367" type="method" name="flatten" visibility="public" complexity="4" crap="4" count="3"/>
        <line num="370" type="stmt" count="3"/>
        <line num="371" type="stmt" count="3"/>
        <line num="372" type="stmt" count="3"/>
        <line num="373" type="stmt" count="3"/>
        <line num="374" type="stmt" count="2"/>
        <line num="376" type="stmt" count="3"/>
        <line num="378" type="stmt" count="3"/>
        <line num="386" type="method" name="flip" visibility="public" complexity="1" crap="1" count="1"/>
        <line num="388" type="stmt" count="1"/>
        <line num="398" type="method" name="groupBy" visibility="public" complexity="6" crap="6" count="6"/>
        <line num="400" type="stmt" count="6"/>
        <line num="401" type="stmt" count="6"/>
        <line num="402" type="stmt" count="6"/>
        <line num="403" type="stmt" count="6"/>
        <line num="404" type="stmt" count="6"/>
        <line num="405" type="stmt" count="4"/>
        <line num="407" type="stmt" count="6"/>
        <line num="408" type="stmt" count="6"/>
        <line num="409" type="stmt" count="6"/>
        <line num="411" type="stmt" count="6"/>
        <line num="414" type="stmt" count="3"/>
        <line num="423" type="method" name="keyBy" visibility="public" complexity="2" crap="2" count="2"/>
        <line num="425" type="stmt" count="2"/>
        <line num="426" type="stmt" count="2"/>
        <line num="427" type="stmt" count="2"/>
        <line num="428" type="stmt" count="2"/>
        <line num="430" type="stmt" count="2"/>
        <line num="440" type="method" name="implode" visibility="public" complexity="3" crap="3" count="1"/>
        <line num="442" type="stmt" count="1"/>
        <line num="443" type="stmt" count="1"/>
        <line num="444" type="stmt" count="1"/>
        <line num="446" type="stmt" count="1"/>
        <line num="455" type="method" name="intersect" visibility="public" complexity="1" crap="1" count="2"/>
        <line num="457" type="stmt" count="2"/>
        <line num="465" type="method" name="isEmpty" visibility="public" complexity="1" crap="1" count="5"/>
        <line num="467" type="stmt" count="5"/>
        <line num="476" type="method" name="useAsCallable" visibility="protected" complexity="2" crap="2" count="23"/>
        <line num="478" type="stmt" count="23"/>
        <line num="486" type="method" name="keys" visibility="public" complexity="1" crap="1" count="4"/>
        <line num="488" type="stmt" count="4"/>
        <line num="498" type="method" name="last" visibility="public" complexity="3" crap="3" count="7"/>
        <line num="500" type="stmt" count="7"/>
        <line num="501" type="stmt" count="7"/>
        <line num="502" type="stmt" count="5"/>
        <line num="505" type="stmt" count="2"/>
        <line num="515" type="method" name="pluck" visibility="public" complexity="3" crap="3" count="4"/>
        <line num="517" type="stmt" count="4"/>
        <line num="518" type="stmt" count="4"/>
        <line num="523" type="stmt" count="4"/>
        <line num="524" type="stmt" count="4"/>
        <line num="528" type="stmt" count="4"/>
        <line num="529" type="stmt" count="3"/>
        <line num="531" type="stmt" count="2"/>
        <line num="532" type="stmt" count="4"/>
        <line num="535" type="stmt" count="4"/>
        <line num="544" type="method" name="map" visibility="public" complexity="1" crap="1" count="8"/>
        <line num="546" type="stmt" count="8"/>
        <line num="547" type="stmt" count="8"/>
        <line num="548" type="stmt" count="8"/>
        <line num="549" type="stmt" count="5"/>
        <line num="560" type="method" name="mapWithKeys" visibility="public" complexity="1" crap="1" count="1"/>
        <line num="562" type="stmt" count="1"/>
        <line num="571" type="method" name="flatMap" visibility="public" complexity="1" crap="1" count="2"/>
        <line num="573" type="stmt" count="2"/>
        <line num="582" type="method" name="max" visibility="public" complexity="3" crap="3" count="1"/>
        <line num="584" type="stmt" count="1"/>
        <line num="586" type="stmt" count="1"/>
        <line num="587" type="stmt" count="1"/>
        <line num="588" type="stmt" count="1"/>
        <line num="597" type="method" name="combine" visibility="public" complexity="1" crap="1" count="2"/>
        <line num="599" type="stmt" count="2"/>
        <line num="608" type="method" name="union" visibility="public" complexity="1" crap="1" count="3"/>
        <line num="610" type="stmt" count="3"/>
        <line num="619" type="method" name="min" visibility="public" complexity="3" crap="3" count="1"/>
        <line num="621" type="stmt" count="1"/>
        <line num="623" type="stmt" count="1"/>
        <line num="624" type="stmt" count="1"/>
        <line num="625" type="stmt" count="1"/>
        <line num="634" type="method" name="only" visibility="public" complexity="2" crap="6" count="0"/>
        <line num="636" type="stmt" count="0"/>
        <line num="637" type="stmt" count="0"/>
        <line num="639" type="stmt" count="0"/>
        <line num="649" type="method" name="forPage" visibility="public" complexity="1" crap="1" count="1"/>
        <line num="651" type="stmt" count="1"/>
        <line num="660" type="method" name="pipe" visibility="public" complexity="1" crap="1" count="1"/>
        <line num="662" type="stmt" count="1"/>
        <line num="670" type="method" name="pop" visibility="public" complexity="1" crap="1" count="1"/>
        <line num="672" type="stmt" count="1"/>
        <line num="673" type="stmt" count="1"/>
        <line num="674" type="stmt" count="1"/>
        <line num="675" type="stmt" count="1"/>
        <line num="685" type="method" name="pull" visibility="public" complexity="1" crap="1" count="3"/>
        <line num="687" type="stmt" count="3"/>
        <line num="688" type="stmt" count="3"/>
        <line num="689" type="stmt" count="3"/>
        <line num="699" type="method" name="put" visibility="public" complexity="1" crap="2" count="0"/>
        <line num="701" type="stmt" count="0"/>
        <line num="702" type="stmt" count="0"/>
        <line num="713" type="method" name="random" visibility="public" complexity="3" crap="3" count="3"/>
        <line num="715" type="stmt" count="3"/>
        <line num="716" type="stmt" count="2"/>
        <line num="718" type="stmt" count="1"/>
        <line num="719" type="stmt" count="1"/>
        <line num="720" type="stmt" count="1"/>
        <line num="722" type="stmt" count="1"/>
        <line num="732" type="method" name="reduce" visibility="public" complexity="1" crap="1" count="6"/>
        <line num="734" type="stmt" count="6"/>
        <line num="743" type="method" name="reject" visibility="public" complexity="2" crap="2" count="3"/>
        <line num="745" type="stmt" count="3"/>
        <line num="747" type="stmt" count="3"/>
        <line num="748" type="stmt" count="3"/>
        <line num="751" type="stmt" count="1"/>
        <line num="752" type="stmt" count="1"/>
        <line num="760" type="method" name="reverse" visibility="public" complexity="1" crap="1" count="1"/>
        <line num="762" type="stmt" count="1"/>
        <line num="772" type="method" name="search" visibility="public" complexity="4" crap="4" count="2"/>
        <line num="774" type="stmt" count="2"/>
        <line num="775" type="stmt" count="2"/>
        <line num="777" type="stmt" count="2"/>
        <line num="778" type="stmt" count="2"/>
        <line num="779" type="stmt" count="2"/>
        <line num="782" type="stmt" count="1"/>
        <line num="790" type="method" name="shift" visibility="public" complexity="1" crap="1" count="1"/>
        <line num="792" type="stmt" count="1"/>
        <line num="793" type="stmt" count="1"/>
        <line num="794" type="stmt" count="1"/>
        <line num="795" type="stmt" count="1"/>
        <line num="804" type="method" name="shuffle" visibility="public" complexity="2" crap="6" count="0"/>
        <line num="806" type="stmt" count="0"/>
        <line num="807" type="stmt" count="0"/>
        <line num="808" type="stmt" count="0"/>
        <line num="810" type="stmt" count="0"/>
        <line num="813" type="stmt" count="0"/>
        <line num="815" type="stmt" count="0"/>
        <line num="825" type="method" name="slice" visibility="public" complexity="1" crap="1" count="9"/>
        <line num="827" type="stmt" count="9"/>
        <line num="836" type="method" name="split" visibility="public" complexity="2" crap="2" count="4"/>
        <line num="838" type="stmt" count="4"/>
        <line num="839" type="stmt" count="1"/>
        <line num="841" type="stmt" count="3"/>
        <line num="842" type="stmt" count="3"/>
        <line num="851" type="method" name="chunk" visibility="public" complexity="2" crap="2" count="4"/>
        <line num="853" type="stmt" count="4"/>
        <line num="854" type="stmt" count="4"/>
        <line num="855" type="stmt" count="4"/>
        <line num="857" type="stmt" count="4"/>
        <line num="866" type="method" name="sort" visibility="public" complexity="2" crap="2" count="5"/>
        <line num="868" type="stmt" count="5"/>
        <line num="869" type="stmt" count="5"/>
        <line num="870" type="stmt" count="1"/>
        <line num="871" type="stmt" count="4"/>
        <line num="872" type="stmt" count="5"/>
        <line num="883" type="method" name="sortBy" visibility="public" complexity="4" crap="4" count="3"/>
        <line num="885" type="stmt" count="3"/>
        <line num="886" type="stmt" count="3"/>
        <line num="890" type="stmt" count="3"/>
        <line num="891" type="stmt" count="3"/>
        <line num="893" type="stmt" count="2"/>
        <line num="894" type="stmt" count="2"/>
        <line num="898" type="stmt" count="2"/>
        <line num="899" type="stmt" count="2"/>
        <line num="901" type="stmt" count="2"/>
        <line num="911" type="method" name="sortByDesc" visibility="public" complexity="1" crap="2" count="0"/>
        <line num="913" type="stmt" count="0"/>
        <line num="924" type="method" name="splice" visibility="public" complexity="2" crap="2.06" count="1"/>
        <line num="926" type="stmt" count="1"/>
        <line num="927" type="stmt" count="1"/>
        <line num="928" type="stmt" count="1"/>
        <line num="930" type="stmt" count="0"/>
        <line num="939" type="method" name="sum" visibility="public" complexity="2" crap="2" count="5"/>
        <line num="941" type="stmt" count="5"/>
        <line num="942" type="stmt" count="2"/>
        <line num="944" type="stmt" count="3"/>
        <line num="946" type="stmt" count="2"/>
        <line num="947" type="stmt" count="3"/>
        <line num="956" type="method" name="take" visibility="public" complexity="2" crap="2" count="2"/>
        <line num="958" type="stmt" count="2"/>
        <line num="959" type="stmt" count="1"/>
        <line num="961" type="stmt" count="1"/>
        <line num="970" type="method" name="transform" visibility="public" complexity="1" crap="1" count="1"/>
        <line num="972" type="stmt" count="1"/>
        <line num="973" type="stmt" count="1"/>
        <line num="984" type="method" name="unique" visibility="public" complexity="3" crap="3" count="3"/>
        <line num="986" type="stmt" count="3"/>
        <line num="987" type="stmt" count="1"/>
        <line num="989" type="stmt" count="2"/>
        <line num="990" type="stmt" count="2"/>
        <line num="992" type="stmt" count="2"/>
        <line num="993" type="stmt" count="2"/>
        <line num="995" type="stmt" count="2"/>
        <line num="996" type="stmt" count="2"/>
        <line num="1005" type="method" name="uniqueStrict" visibility="public" complexity="1" crap="1" count="1"/>
        <line num="1007" type="stmt" count="1"/>
        <line num="1015" type="method" name="values" visibility="public" complexity="1" crap="1" count="15"/>
        <line num="1017" type="stmt" count="15"/>
        <line num="1026" type="method" name="valueRetriever" visibility="protected" complexity="2" crap="2" count="18"/>
        <line num="1028" type="stmt" count="18"/>
        <line num="1029" type="stmt" count="11"/>
        <line num="1032" type="stmt" count="11"/>
        <line num="1033" type="stmt" count="12"/>
        <line num="1045" type="method" name="zip" visibility="public" complexity="1" crap="1" count="1"/>
        <line num="1048" type="stmt" count="1"/>
        <line num="1049" type="stmt" count="1"/>
        <line num="1050" type="method" name="anonymous function" complexity="1" crap="1" count="1"/>
        <line num="1051" type="stmt" count="1"/>
        <line num="1052" type="stmt" count="1"/>
        <line num="1053" type="stmt" count="1"/>
        <line num="1061" type="method" name="toBase" visibility="public" complexity="1" crap="2" count="0"/>
        <line num="1063" type="stmt" count="0"/>
        <line num="1072" type="method" name="getArrayableItems" visibility="protected" complexity="7" crap="9.36" count="18"/>
        <line num="1074" type="stmt" count="18"/>
        <line num="1075" type="stmt" count="7"/>
        <line num="1076" type="stmt" count="12"/>
        <line num="1077" type="stmt" count="7"/>
        <line num="1078" type="stmt" count="6"/>
        <line num="1079" type="stmt" count="0"/>
        <line num="1080" type="stmt" count="0"/>
        <line num="1081" type="stmt" count="1"/>
        <line num="1082" type="stmt" count="0"/>
        <line num="1083" type="stmt" count="0"/>
        <line num="1085" type="stmt" count="5"/>
        <metrics loc="1087" ncloc="632" classes="1" methods="69" coveredmethods="56" conditionals="0" coveredconditionals="0" statements="272" coveredstatements="239" elements="341" coveredelements="295"/>
      </file>
    </package>
    <file name="/Users/leemason/ecfectus/collection/src/CollectionInterface.php">
      <metrics loc="29" ncloc="8" classes="0" methods="0" coveredmethods="0" conditionals="0" coveredconditionals="0" statements="0" coveredstatements="0" elements="0" coveredelements="0"/>
    </file>
    <metrics files="2" loc="1116" ncloc="640" classes="1" methods="69" coveredmethods="56" conditionals="0" coveredconditionals="0" statements="272" coveredstatements="239" elements="341" coveredelements="295"/>
  </project>
</coverage>
