<?xml version="1.0" encoding="UTF-8"?>
<coverage generated="1475862945">
  <project timestamp="1475862945">
    <package name="Ecfectus\Collection">
      <file name="/Users/leemason/ecfectus/collection/src/Collection.php">
        <class name="Collection" namespace="Ecfectus\Collection" fullPackage="Ecfectus" package="Ecfectus">
          <metrics complexity="0" methods="0" coveredmethods="0" conditionals="0" coveredconditionals="0" statements="0" coveredstatements="0" elements="0" coveredelements="0"/>
        </class>
        <metrics loc="18" ncloc="14" classes="1" methods="0" coveredmethods="0" conditionals="0" coveredconditionals="0" statements="0" coveredstatements="0" elements="0" coveredelements="0"/>
      </file>
    </package>
    <file name="/Users/leemason/ecfectus/collection/src/CollectionInterface.php">
      <metrics loc="29" ncloc="23" classes="0" methods="0" coveredmethods="0" conditionals="0" coveredconditionals="0" statements="0" coveredstatements="0" elements="0" coveredelements="0"/>
    </file>
    <metrics files="2" loc="47" ncloc="37" classes="1" methods="0" coveredmethods="0" conditionals="0" coveredconditionals="0" statements="0" coveredstatements="0" elements="0" coveredelements="0"/>
  </project>
</coverage>
